+ PS4='$LINENO:	'
7:	cd /home/runner/work/all/all
118:	date +%Y年%m月%d日·周%u·%H点%M分%S秒.%3N毫秒
18:	echo 2022年03月13日·周7·09点57分50秒.786毫秒
19:	setsid ping -c 1 -w 1 -A -q some6508.ccaeo.com
220:	curl -s https://api.github.com/repos/changfengoss/pub/commits
220:	sed 's/.*"html_url": /html_url=/g'
220:	grep -m 1 html_url
20:	eval 'html_url="https://github.com/changfengoss/pub/commit/35cdeff29b0dc2f78ade17c9ec999a1d622a8fca",'
220:	html_url=https://github.com/changfengoss/pub/commit/35cdeff29b0dc2f78ade17c9ec999a1d622a8fca,
221:	curl -s https://github.com/changfengoss/pub/commit/35cdeff29b0dc2f78ade17c9ec999a1d622a8fca
221:	sed 's|</a>|"|g'
221:	sed -n 's|^      <a href="#diff-.*">|href="https://raw.githubusercontent.com/changfengoss/pub/main/|p'
21:	eval 'href="https://raw.githubusercontent.com/changfengoss/pub/main/data/2022_03_13/6Zy9jn.yaml"'
221:	href=https://raw.githubusercontent.com/changfengoss/pub/main/data/2022_03_13/6Zy9jn.yaml
22:	case "$href" in
24:	CURL c https://raw.githubusercontent.com/changfengoss/pub/main/data/2022_03_13/6Zy9jn.yaml
10:	echo --------------------------------------------------
11:	ec '- 下载文件	c'
88:	date +%M分%S秒.%3N毫秒
8:	echo '57分52秒.204毫秒	- 下载文件	c'
12:	ec '- 连接链接	https://raw.githubusercontent.com/changfengoss/pub/main/data/2022_03_13/6Zy9jn.yaml'
88:	date +%M分%S秒.%3N毫秒
8:	echo '57分52秒.206毫秒	- 连接链接	https://raw.githubusercontent.com/changfengoss/pub/main/data/2022_03_13/6Zy9jn.yaml'
13:	curl -s --connect-timeout 10 -o /home/runner/work/all/all/c https://raw.githubusercontent.com/changfengoss/pub/main/data/2022_03_13/6Zy9jn.yaml
14:	local CURL=0
15:	[[ 0 = 0 ]]
15:	ec '- 下载完成	0'
88:	date +%M分%S秒.%3N毫秒
8:	echo '57分52秒.346毫秒	- 下载完成	0'
16:	return 0
227:	curl -s https://api.github.com/repos/pojiezhiyuanjun/freev2/commits
227:	sed 's/.*"html_url": /html_url=/g'
227:	grep -m 1 html_url
27:	eval 'html_url="https://github.com/pojiezhiyuanjun/freev2/commit/756b0a01c8f8ebb3cd45e21daa00ec3486e68848",'
227:	html_url=https://github.com/pojiezhiyuanjun/freev2/commit/756b0a01c8f8ebb3cd45e21daa00ec3486e68848,
228:	curl -s https://github.com/pojiezhiyuanjun/freev2/commit/756b0a01c8f8ebb3cd45e21daa00ec3486e68848
228:	sed 's|</a>|"|g'
228:	sed -n 's|^      <a href="#diff-.*">|href="https://raw.githubusercontent.com/pojiezhiyuanjun/freev2/master/|p'
28:	eval 'href="https://raw.githubusercontent.com/pojiezhiyuanjun/freev2/master/0311.txt"
href="https://raw.githubusercontent.com/pojiezhiyuanjun/freev2/master/0311.zip"
href="https://raw.githubusercontent.com/pojiezhiyuanjun/freev2/master/0311clash.yml"'
228:	href=https://raw.githubusercontent.com/pojiezhiyuanjun/freev2/master/0311.txt
229:	href=https://raw.githubusercontent.com/pojiezhiyuanjun/freev2/master/0311.zip
330:	href=https://raw.githubusercontent.com/pojiezhiyuanjun/freev2/master/0311clash.yml
29:	case "$href" in
31:	CURL c2 https://raw.githubusercontent.com/pojiezhiyuanjun/freev2/master/0311clash.yml
10:	echo --------------------------------------------------
11:	ec '- 下载文件	c2'
88:	date +%M分%S秒.%3N毫秒
8:	echo '57分52秒.651毫秒	- 下载文件	c2'
12:	ec '- 连接链接	https://raw.githubusercontent.com/pojiezhiyuanjun/freev2/master/0311clash.yml'
88:	date +%M分%S秒.%3N毫秒
8:	echo '57分52秒.652毫秒	- 连接链接	https://raw.githubusercontent.com/pojiezhiyuanjun/freev2/master/0311clash.yml'
13:	curl -s --connect-timeout 10 -o /home/runner/work/all/all/c2 https://raw.githubusercontent.com/pojiezhiyuanjun/freev2/master/0311clash.yml
14:	local CURL=0
15:	[[ 0 = 0 ]]
15:	ec '- 下载完成	0'
88:	date +%M分%S秒.%3N毫秒
8:	echo '57分52秒.784毫秒	- 下载完成	0'
16:	return 0
338:	curl -s https://api.github.com/repos/zyfxz/V2Ray/commits
338:	sed 's/.*"html_url": /html_url=/g'
338:	grep -m 1 html_url
38:	eval 'html_url="https://github.com/zyfxz/V2Ray/commit/47ec12a9ae8504239ac9ba1cc95a0a6f33d47880",'
338:	html_url=https://github.com/zyfxz/V2Ray/commit/47ec12a9ae8504239ac9ba1cc95a0a6f33d47880,
339:	curl -s https://github.com/zyfxz/V2Ray/commit/47ec12a9ae8504239ac9ba1cc95a0a6f33d47880
339:	sed 's|</a>|"|g'
339:	sed -n 's|^      <a href="#diff-.*">|href="https://raw.githubusercontent.com/zyfxz/V2Ray/main/|p'
39:	eval 'href="https://raw.githubusercontent.com/zyfxz/V2Ray/main/area"'
339:	href=https://raw.githubusercontent.com/zyfxz/V2Ray/main/area
40:	CURL v3 https://raw.githubusercontent.com/zyfxz/V2Ray/main/area
10:	echo --------------------------------------------------
11:	ec '- 下载文件	v3'
88:	date +%M分%S秒.%3N毫秒
8:	echo '57分53秒.168毫秒	- 下载文件	v3'
12:	ec '- 连接链接	https://raw.githubusercontent.com/zyfxz/V2Ray/main/area'
88:	date +%M分%S秒.%3N毫秒
8:	echo '57分53秒.170毫秒	- 连接链接	https://raw.githubusercontent.com/zyfxz/V2Ray/main/area'
13:	curl -s --connect-timeout 10 -o /home/runner/work/all/all/v3 https://raw.githubusercontent.com/zyfxz/V2Ray/main/area
14:	local CURL=0
15:	[[ 0 = 0 ]]
15:	ec '- 下载完成	0'
88:	date +%M分%S秒.%3N毫秒
8:	echo '57分53秒.286毫秒	- 下载完成	0'
16:	return 0
441:	curl -s https://api.github.com/repos/zyfxz/clash/commits
441:	sed 's/.*"html_url": /html_url=/g'
441:	grep -m 1 html_url
41:	eval 'html_url="https://github.com/zyfxz/clash/commit/42e3c11cea51731db5258419d60367f0ca977968",'
441:	html_url=https://github.com/zyfxz/clash/commit/42e3c11cea51731db5258419d60367f0ca977968,
442:	curl -s https://github.com/zyfxz/clash/commit/42e3c11cea51731db5258419d60367f0ca977968
442:	sed 's|</a>|"|g'
442:	sed -n 's|^      <a href="#diff-.*">|href="https://raw.githubusercontent.com/zyfxz/clash/main/|p'
42:	eval 'href="https://raw.githubusercontent.com/zyfxz/clash/main/area"'
442:	href=https://raw.githubusercontent.com/zyfxz/clash/main/area
43:	CURL c3 https://raw.githubusercontent.com/zyfxz/clash/main/area
10:	echo --------------------------------------------------
11:	ec '- 下载文件	c3'
88:	date +%M分%S秒.%3N毫秒
8:	echo '57分53秒.675毫秒	- 下载文件	c3'
12:	ec '- 连接链接	https://raw.githubusercontent.com/zyfxz/clash/main/area'
88:	date +%M分%S秒.%3N毫秒
8:	echo '57分53秒.676毫秒	- 连接链接	https://raw.githubusercontent.com/zyfxz/clash/main/area'
13:	curl -s --connect-timeout 10 -o /home/runner/work/all/all/c3 https://raw.githubusercontent.com/zyfxz/clash/main/area
14:	local CURL=0
15:	[[ 0 = 0 ]]
15:	ec '- 下载完成	0'
88:	date +%M分%S秒.%3N毫秒
8:	echo '57分53秒.793毫秒	- 下载完成	0'
16:	return 0
444:	curl -s https://api.github.com/repos/FMYC2015/V2ray/commits
444:	sed 's/.*"html_url": /html_url=/g'
444:	grep -m 1 html_url
44:	eval 'html_url="https://github.com/FMYC2015/V2ray/commit/c91770d6bf5a62dec382de0caf72c0f3471ec063",'
444:	html_url=https://github.com/FMYC2015/V2ray/commit/c91770d6bf5a62dec382de0caf72c0f3471ec063,
445:	curl -s https://github.com/FMYC2015/V2ray/commit/c91770d6bf5a62dec382de0caf72c0f3471ec063
445:	sed 's|</a>|"|g'
445:	sed -n 's|^      <a href="#diff-.*">|href="https://raw.githubusercontent.com/FMYC2015/V2ray/main/|p'
45:	eval 'href="https://raw.githubusercontent.com/FMYC2015/V2ray/main/2022/2022-03-11"'
445:	href=https://raw.githubusercontent.com/FMYC2015/V2ray/main/2022/2022-03-11
46:	CURL v4 https://raw.githubusercontent.com/FMYC2015/V2ray/main/2022/2022-03-11
10:	echo --------------------------------------------------
11:	ec '- 下载文件	v4'
88:	date +%M分%S秒.%3N毫秒
8:	echo '57分54秒.186毫秒	- 下载文件	v4'
12:	ec '- 连接链接	https://raw.githubusercontent.com/FMYC2015/V2ray/main/2022/2022-03-11'
88:	date +%M分%S秒.%3N毫秒
8:	echo '57分54秒.187毫秒	- 连接链接	https://raw.githubusercontent.com/FMYC2015/V2ray/main/2022/2022-03-11'
13:	curl -s --connect-timeout 10 -o /home/runner/work/all/all/v4 https://raw.githubusercontent.com/FMYC2015/V2ray/main/2022/2022-03-11
14:	local CURL=0
15:	[[ 0 = 0 ]]
15:	ec '- 下载完成	0'
88:	date +%M分%S秒.%3N毫秒
8:	echo '57分54秒.294毫秒	- 下载完成	0'
16:	return 0
447:	curl -s https://api.github.com/repos/FMYC2015/Clash/commits
447:	sed 's/.*"html_url": /html_url=/g'
447:	grep -m 1 html_url
47:	eval 'html_url="https://github.com/FMYC2015/Clash/commit/1dc94cbdfbdc4859252ca39199829c44831b37ef",'
447:	html_url=https://github.com/FMYC2015/Clash/commit/1dc94cbdfbdc4859252ca39199829c44831b37ef,
448:	curl -s https://github.com/FMYC2015/Clash/commit/1dc94cbdfbdc4859252ca39199829c44831b37ef
448:	sed 's|</a>|"|g'
448:	sed -n 's|^      <a href="#diff-.*">|href="https://raw.githubusercontent.com/FMYC2015/Clash/main/|p'
48:	eval 'href="https://raw.githubusercontent.com/FMYC2015/Clash/main/Bahamut"'
448:	href=https://raw.githubusercontent.com/FMYC2015/Clash/main/Bahamut
49:	CURL c4 https://raw.githubusercontent.com/FMYC2015/Clash/main/Bahamut
10:	echo --------------------------------------------------
11:	ec '- 下载文件	c4'
88:	date +%M分%S秒.%3N毫秒
8:	echo '57分54秒.710毫秒	- 下载文件	c4'
12:	ec '- 连接链接	https://raw.githubusercontent.com/FMYC2015/Clash/main/Bahamut'
88:	date +%M分%S秒.%3N毫秒
8:	echo '57分54秒.712毫秒	- 连接链接	https://raw.githubusercontent.com/FMYC2015/Clash/main/Bahamut'
13:	curl -s --connect-timeout 10 -o /home/runner/work/all/all/c4 https://raw.githubusercontent.com/FMYC2015/Clash/main/Bahamut
14:	local CURL=0
15:	[[ 0 = 0 ]]
15:	ec '- 下载完成	0'
88:	date +%M分%S秒.%3N毫秒
8:	echo '57分54秒.805毫秒	- 下载完成	0'
16:	return 0
50:	CURL v5 https://raw.githubusercontent.com/ssrsub/ssr/master/V2Ray
10:	echo --------------------------------------------------
11:	ec '- 下载文件	v5'
88:	date +%M分%S秒.%3N毫秒
8:	echo '57分54秒.807毫秒	- 下载文件	v5'
12:	ec '- 连接链接	https://raw.githubusercontent.com/ssrsub/ssr/master/V2Ray'
88:	date +%M分%S秒.%3N毫秒
8:	echo '57分54秒.808毫秒	- 连接链接	https://raw.githubusercontent.com/ssrsub/ssr/master/V2Ray'
13:	curl -s --connect-timeout 10 -o /home/runner/work/all/all/v5 https://raw.githubusercontent.com/ssrsub/ssr/master/V2Ray
14:	local CURL=0
15:	[[ 0 = 0 ]]
15:	ec '- 下载完成	0'
88:	date +%M分%S秒.%3N毫秒
8:	echo '57分54秒.912毫秒	- 下载完成	0'
16:	return 0
51:	CURL c5 https://raw.githubusercontent.com/ssrsub/ssr/master/Clash.yml
10:	echo --------------------------------------------------
11:	ec '- 下载文件	c5'
88:	date +%M分%S秒.%3N毫秒
8:	echo '57分54秒.914毫秒	- 下载文件	c5'
12:	ec '- 连接链接	https://raw.githubusercontent.com/ssrsub/ssr/master/Clash.yml'
88:	date +%M分%S秒.%3N毫秒
8:	echo '57分54秒.916毫秒	- 连接链接	https://raw.githubusercontent.com/ssrsub/ssr/master/Clash.yml'
13:	curl -s --connect-timeout 10 -o /home/runner/work/all/all/c5 https://raw.githubusercontent.com/ssrsub/ssr/master/Clash.yml
14:	local CURL=0
15:	[[ 0 = 0 ]]
15:	ec '- 下载完成	0'
88:	date +%M分%S秒.%3N毫秒
8:	echo '57分54秒.987毫秒	- 下载完成	0'
16:	return 0
52:	CURL v6 https://gitee.com/chenx58/clash/raw/V2R/V2R
10:	echo --------------------------------------------------
11:	ec '- 下载文件	v6'
88:	date +%M分%S秒.%3N毫秒
8:	echo '57分54秒.989毫秒	- 下载文件	v6'
12:	ec '- 连接链接	https://gitee.com/chenx58/clash/raw/V2R/V2R'
88:	date +%M分%S秒.%3N毫秒
8:	echo '57分54秒.991毫秒	- 连接链接	https://gitee.com/chenx58/clash/raw/V2R/V2R'
13:	curl -s --connect-timeout 10 -o /home/runner/work/all/all/v6 https://gitee.com/chenx58/clash/raw/V2R/V2R
14:	local CURL=0
15:	[[ 0 = 0 ]]
15:	ec '- 下载完成	0'
88:	date +%M分%S秒.%3N毫秒
8:	echo '57分56秒.888毫秒	- 下载完成	0'
16:	return 0
553:	grep -m 1 html_url
553:	curl -s https://api.github.com/repos/bhqz/bhqz/commits
553:	sed 's/.*"html_url": /html_url=/g'
53:	eval 'html_url="https://github.com/bhqz/bhqz/commit/7e4d6a1c085626e0dd215f5c8d1c6da9cbcde36d",'
553:	html_url=https://github.com/bhqz/bhqz/commit/7e4d6a1c085626e0dd215f5c8d1c6da9cbcde36d,
554:	curl -s https://github.com/bhqz/bhqz/commit/7e4d6a1c085626e0dd215f5c8d1c6da9cbcde36d
554:	sed 's|</a>|"|g; s|{.* → ||g; s|}||g'
554:	sed -n 's|^      <a href="#diff-.*">|href="https://raw.githubusercontent.com/bhqz/bhqz/main/|p'
54:	eval 'href="https://raw.githubusercontent.com/bhqz/bhqz/main/ss/03/12.yml"'
554:	href=https://raw.githubusercontent.com/bhqz/bhqz/main/ss/03/12.yml
55:	case "$href" in
58:	ec '! 链接错误	https://raw.githubusercontent.com/bhqz/bhqz/main/ss/03/12.yml'
88:	date +%M分%S秒.%3N毫秒
8:	echo '57分57秒.217毫秒	! 链接错误	https://raw.githubusercontent.com/bhqz/bhqz/main/ss/03/12.yml'
60:	CURL v8 https://raw.githubusercontent.com/freefq/free/master/v2
10:	echo --------------------------------------------------
11:	ec '- 下载文件	v8'
88:	date +%M分%S秒.%3N毫秒
8:	echo '57分57秒.219毫秒	- 下载文件	v8'
12:	ec '- 连接链接	https://raw.githubusercontent.com/freefq/free/master/v2'
88:	date +%M分%S秒.%3N毫秒
8:	echo '57分57秒.220毫秒	- 连接链接	https://raw.githubusercontent.com/freefq/free/master/v2'
13:	curl -s --connect-timeout 10 -o /home/runner/work/all/all/v8 https://raw.githubusercontent.com/freefq/free/master/v2
14:	local CURL=0
15:	[[ 0 = 0 ]]
15:	ec '- 下载完成	0'
88:	date +%M分%S秒.%3N毫秒
8:	echo '57分57秒.263毫秒	- 下载完成	0'
16:	return 0
61:	CURL v9 https://raw.githubusercontent.com/freefq/free/master/ssr
10:	echo --------------------------------------------------
11:	ec '- 下载文件	v9'
88:	date +%M分%S秒.%3N毫秒
8:	echo '57分57秒.265毫秒	- 下载文件	v9'
12:	ec '- 连接链接	https://raw.githubusercontent.com/freefq/free/master/ssr'
88:	date +%M分%S秒.%3N毫秒
8:	echo '57分57秒.267毫秒	- 连接链接	https://raw.githubusercontent.com/freefq/free/master/ssr'
13:	curl -s --connect-timeout 10 -o /home/runner/work/all/all/v9 https://raw.githubusercontent.com/freefq/free/master/ssr
14:	local CURL=0
15:	[[ 0 = 0 ]]
15:	ec '- 下载完成	0'
88:	date +%M分%S秒.%3N毫秒
8:	echo '57分57秒.310毫秒	- 下载完成	0'
16:	return 0
662:	curl -s https://api.github.com/repos/w379740999/jdlj/commits
662:	sed 's/.*"html_url": /html_url=/g'
662:	grep -m 1 html_url
62:	eval ''
663:	curl -s https://github.com/bhqz/bhqz/commit/7e4d6a1c085626e0dd215f5c8d1c6da9cbcde36d
663:	sed 's|</a>|"|g'
663:	sed -n 's|^      <a href="#diff-.*">|href="https://raw.githubusercontent.com/w379740999/jdlj/main/|p'
63:	eval 'href="https://raw.githubusercontent.com/w379740999/jdlj/main/ss/03/12.yml"'
663:	href=https://raw.githubusercontent.com/w379740999/jdlj/main/ss/03/12.yml
64:	CURL v10 https://raw.githubusercontent.com/w379740999/jdlj/main/ss/03/12.yml
10:	echo --------------------------------------------------
11:	ec '- 下载文件	v10'
88:	date +%M分%S秒.%3N毫秒
8:	echo '57分57秒.449毫秒	- 下载文件	v10'
12:	ec '- 连接链接	https://raw.githubusercontent.com/w379740999/jdlj/main/ss/03/12.yml'
88:	date +%M分%S秒.%3N毫秒
8:	echo '57分57秒.450毫秒	- 连接链接	https://raw.githubusercontent.com/w379740999/jdlj/main/ss/03/12.yml'
13:	curl -s --connect-timeout 10 -o /home/runner/work/all/all/v10 https://raw.githubusercontent.com/w379740999/jdlj/main/ss/03/12.yml
14:	local CURL=0
15:	[[ 0 = 0 ]]
15:	ec '- 下载完成	0'
88:	date +%M分%S秒.%3N毫秒
8:	echo '57分57秒.534毫秒	- 下载完成	0'
16:	return 0
65:	CURL v11 https://raw.githubusercontent.com/Jsnzkpg/Jsnzkpg/Jsnzkpg/Jsnzkpg
10:	echo --------------------------------------------------
11:	ec '- 下载文件	v11'
88:	date +%M分%S秒.%3N毫秒
8:	echo '57分57秒.536毫秒	- 下载文件	v11'
12:	ec '- 连接链接	https://raw.githubusercontent.com/Jsnzkpg/Jsnzkpg/Jsnzkpg/Jsnzkpg'
88:	date +%M分%S秒.%3N毫秒
8:	echo '57分57秒.538毫秒	- 连接链接	https://raw.githubusercontent.com/Jsnzkpg/Jsnzkpg/Jsnzkpg/Jsnzkpg'
13:	curl -s --connect-timeout 10 -o /home/runner/work/all/all/v11 https://raw.githubusercontent.com/Jsnzkpg/Jsnzkpg/Jsnzkpg/Jsnzkpg
14:	local CURL=0
15:	[[ 0 = 0 ]]
15:	ec '- 下载完成	0'
88:	date +%M分%S秒.%3N毫秒
8:	echo '57分57秒.581毫秒	- 下载完成	0'
16:	return 0
66:	CURL v12 https://raw.githubusercontent.com/shangou0923/gou/main/README
10:	echo --------------------------------------------------
11:	ec '- 下载文件	v12'
88:	date +%M分%S秒.%3N毫秒
8:	echo '57分57秒.583毫秒	- 下载文件	v12'
12:	ec '- 连接链接	https://raw.githubusercontent.com/shangou0923/gou/main/README'
88:	date +%M分%S秒.%3N毫秒
8:	echo '57分57秒.584毫秒	- 连接链接	https://raw.githubusercontent.com/shangou0923/gou/main/README'
13:	curl -s --connect-timeout 10 -o /home/runner/work/all/all/v12 https://raw.githubusercontent.com/shangou0923/gou/main/README
14:	local CURL=0
15:	[[ 0 = 0 ]]
15:	ec '- 下载完成	0'
88:	date +%M分%S秒.%3N毫秒
8:	echo '57分57秒.691毫秒	- 下载完成	0'
16:	return 0
667:	curl -s https://api.github.com/repos/moneyfly1/sublist/commits
667:	sed 's/.*"html_url": /html_url=/g'
667:	grep -m 1 html_url
67:	eval 'html_url="https://github.com/moneyfly1/sublist/commit/96c599259c6197357c7f888674432b1e1aabd16b",'
667:	html_url=https://github.com/moneyfly1/sublist/commit/96c599259c6197357c7f888674432b1e1aabd16b,
668:	curl -s https://github.com/moneyfly1/sublist/commit/96c599259c6197357c7f888674432b1e1aabd16b
668:	sed 's|</a>|"|g'
668:	sed -n 's|^      <a href="#diff-.*">|href="https://raw.githubusercontent.com/moneyfly1/sublist/main/|p'
68:	eval 'href="https://raw.githubusercontent.com/moneyfly1/sublist/main/clash.yml"'
668:	href=https://raw.githubusercontent.com/moneyfly1/sublist/main/clash.yml
69:	case "$href" in
70:	CURL c7 https://raw.githubusercontent.com/moneyfly1/sublist/main/clash.yml
10:	echo --------------------------------------------------
11:	ec '- 下载文件	c7'
88:	date +%M分%S秒.%3N毫秒
8:	echo '57分58秒.195毫秒	- 下载文件	c7'
12:	ec '- 连接链接	https://raw.githubusercontent.com/moneyfly1/sublist/main/clash.yml'
88:	date +%M分%S秒.%3N毫秒
8:	echo '57分58秒.196毫秒	- 连接链接	https://raw.githubusercontent.com/moneyfly1/sublist/main/clash.yml'
13:	curl -s --connect-timeout 10 -o /home/runner/work/all/all/c7 https://raw.githubusercontent.com/moneyfly1/sublist/main/clash.yml
14:	local CURL=0
15:	[[ 0 = 0 ]]
15:	ec '- 下载完成	0'
88:	date +%M分%S秒.%3N毫秒
8:	echo '57分58秒.332毫秒	- 下载完成	0'
16:	return 0
73:	CURL cv1 'https://api.v1.mk/sub?target=clash&url=https://raw.githubusercontent.com/some6508/all/master/c|https://raw.githubusercontent.com/some6508/all/master/c2|https://raw.githubusercontent.com/some6508/all/master/c3|https://raw.githubusercontent.com/some6508/all/master/c4|https://raw.githubusercontent.com/some6508/all/master/c5|https://raw.githubusercontent.com/some6508/all/master/c6|https://raw.githubusercontent.com/some6508/all/master/c7|https://raw.githubusercontent.com/some6508/all/master/v|https://raw.githubusercontent.com/some6508/all/master/v2|https://raw.githubusercontent.com/some6508/all/master/v3|https://raw.githubusercontent.com/some6508/all/master/v4|https://raw.githubusercontent.com/some6508/all/master/v5|https://raw.githubusercontent.com/some6508/all/master/v6|https://raw.githubusercontent.com/some6508/all/master/v7|https://raw.githubusercontent.com/some6508/all/master/v8|https://raw.githubusercontent.com/some6508/all/master/v9|https://raw.githubusercontent.com/some6508/all/master/v10|https://raw.githubusercontent.com/some6508/all/master/v11|https://raw.githubusercontent.com/some6508/all/master/v12&config=https://raw.githubusercontent.com/ACL4SSR/ACL4SSR/master/Clash/config/ACL4SSR_Online_Full.ini'
10:	echo --------------------------------------------------
11:	ec '- 下载文件	cv1'
88:	date +%M分%S秒.%3N毫秒
8:	echo '57分58秒.334毫秒	- 下载文件	cv1'
12:	ec '- 连接链接	https://api.v1.mk/sub?target=clash&url=https://raw.githubusercontent.com/some6508/all/master/c|https://raw.githubusercontent.com/some6508/all/master/c2|https://raw.githubusercontent.com/some6508/all/master/c3|https://raw.githubusercontent.com/some6508/all/master/c4|https://raw.githubusercontent.com/some6508/all/master/c5|https://raw.githubusercontent.com/some6508/all/master/c6|https://raw.githubusercontent.com/some6508/all/master/c7|https://raw.githubusercontent.com/some6508/all/master/v|https://raw.githubusercontent.com/some6508/all/master/v2|https://raw.githubusercontent.com/some6508/all/master/v3|https://raw.githubusercontent.com/some6508/all/master/v4|https://raw.githubusercontent.com/some6508/all/master/v5|https://raw.githubusercontent.com/some6508/all/master/v6|https://raw.githubusercontent.com/some6508/all/master/v7|https://raw.githubusercontent.com/some6508/all/master/v8|https://raw.githubusercontent.com/some6508/all/master/v9|https://raw.githubusercontent.com/some6508/all/master/v10|https://raw.githubusercontent.com/some6508/all/master/v11|https://raw.githubusercontent.com/some6508/all/master/v12&config=https://raw.githubusercontent.com/ACL4SSR/ACL4SSR/master/Clash/config/ACL4SSR_Online_Full.ini'
88:	date +%M分%S秒.%3N毫秒
8:	echo '57分58秒.336毫秒	- 连接链接	https://api.v1.mk/sub?target=clash&url=https://raw.githubusercontent.com/some6508/all/master/c|https://raw.githubusercontent.com/some6508/all/master/c2|https://raw.githubusercontent.com/some6508/all/master/c3|https://raw.githubusercontent.com/some6508/all/master/c4|https://raw.githubusercontent.com/some6508/all/master/c5|https://raw.githubusercontent.com/some6508/all/master/c6|https://raw.githubusercontent.com/some6508/all/master/c7|https://raw.githubusercontent.com/some6508/all/master/v|https://raw.githubusercontent.com/some6508/all/master/v2|https://raw.githubusercontent.com/some6508/all/master/v3|https://raw.githubusercontent.com/some6508/all/master/v4|https://raw.githubusercontent.com/some6508/all/master/v5|https://raw.githubusercontent.com/some6508/all/master/v6|https://raw.githubusercontent.com/some6508/all/master/v7|https://raw.githubusercontent.com/some6508/all/master/v8|https://raw.githubusercontent.com/some6508/all/master/v9|https://raw.githubusercontent.com/some6508/all/master/v10|https://raw.githubusercontent.com/some6508/all/master/v11|https://raw.githubusercontent.com/some6508/all/master/v12&config=https://raw.githubusercontent.com/ACL4SSR/ACL4SSR/master/Clash/config/ACL4SSR_Online_Full.ini'
13:	curl -s --connect-timeout 10 -o /home/runner/work/all/all/cv1 'https://api.v1.mk/sub?target=clash&url=https://raw.githubusercontent.com/some6508/all/master/c|https://raw.githubusercontent.com/some6508/all/master/c2|https://raw.githubusercontent.com/some6508/all/master/c3|https://raw.githubusercontent.com/some6508/all/master/c4|https://raw.githubusercontent.com/some6508/all/master/c5|https://raw.githubusercontent.com/some6508/all/master/c6|https://raw.githubusercontent.com/some6508/all/master/c7|https://raw.githubusercontent.com/some6508/all/master/v|https://raw.githubusercontent.com/some6508/all/master/v2|https://raw.githubusercontent.com/some6508/all/master/v3|https://raw.githubusercontent.com/some6508/all/master/v4|https://raw.githubusercontent.com/some6508/all/master/v5|https://raw.githubusercontent.com/some6508/all/master/v6|https://raw.githubusercontent.com/some6508/all/master/v7|https://raw.githubusercontent.com/some6508/all/master/v8|https://raw.githubusercontent.com/some6508/all/master/v9|https://raw.githubusercontent.com/some6508/all/master/v10|https://raw.githubusercontent.com/some6508/all/master/v11|https://raw.githubusercontent.com/some6508/all/master/v12&config=https://raw.githubusercontent.com/ACL4SSR/ACL4SSR/master/Clash/config/ACL4SSR_Online_Full.ini'
14:	local CURL=0
15:	[[ 0 = 0 ]]
15:	ec '- 下载完成	0'
88:	date +%M分%S秒.%3N毫秒
8:	echo '58分10秒.846毫秒	- 下载完成	0'
16:	return 0
74:	CURL vc1 'https://api.v1.mk/sub?target=v2ray&url=https://raw.githubusercontent.com/some6508/all/master/c|https://raw.githubusercontent.com/some6508/all/master/c2|https://raw.githubusercontent.com/some6508/all/master/c3|https://raw.githubusercontent.com/some6508/all/master/c4|https://raw.githubusercontent.com/some6508/all/master/c5|https://raw.githubusercontent.com/some6508/all/master/c6|https://raw.githubusercontent.com/some6508/all/master/c7|https://raw.githubusercontent.com/some6508/all/master/v|https://raw.githubusercontent.com/some6508/all/master/v2|https://raw.githubusercontent.com/some6508/all/master/v3|https://raw.githubusercontent.com/some6508/all/master/v4|https://raw.githubusercontent.com/some6508/all/master/v5|https://raw.githubusercontent.com/some6508/all/master/v6|https://raw.githubusercontent.com/some6508/all/master/v7|https://raw.githubusercontent.com/some6508/all/master/v8|https://raw.githubusercontent.com/some6508/all/master/v9|https://raw.githubusercontent.com/some6508/all/master/v10|https://raw.githubusercontent.com/some6508/all/master/v11|https://raw.githubusercontent.com/some6508/all/master/v12&config=https://raw.githubusercontent.com/ACL4SSR/ACL4SSR/master/Clash/config/ACL4SSR_Online_Full.ini'
10:	echo --------------------------------------------------
11:	ec '- 下载文件	vc1'
88:	date +%M分%S秒.%3N毫秒
8:	echo '58分10秒.848毫秒	- 下载文件	vc1'
12:	ec '- 连接链接	https://api.v1.mk/sub?target=v2ray&url=https://raw.githubusercontent.com/some6508/all/master/c|https://raw.githubusercontent.com/some6508/all/master/c2|https://raw.githubusercontent.com/some6508/all/master/c3|https://raw.githubusercontent.com/some6508/all/master/c4|https://raw.githubusercontent.com/some6508/all/master/c5|https://raw.githubusercontent.com/some6508/all/master/c6|https://raw.githubusercontent.com/some6508/all/master/c7|https://raw.githubusercontent.com/some6508/all/master/v|https://raw.githubusercontent.com/some6508/all/master/v2|https://raw.githubusercontent.com/some6508/all/master/v3|https://raw.githubusercontent.com/some6508/all/master/v4|https://raw.githubusercontent.com/some6508/all/master/v5|https://raw.githubusercontent.com/some6508/all/master/v6|https://raw.githubusercontent.com/some6508/all/master/v7|https://raw.githubusercontent.com/some6508/all/master/v8|https://raw.githubusercontent.com/some6508/all/master/v9|https://raw.githubusercontent.com/some6508/all/master/v10|https://raw.githubusercontent.com/some6508/all/master/v11|https://raw.githubusercontent.com/some6508/all/master/v12&config=https://raw.githubusercontent.com/ACL4SSR/ACL4SSR/master/Clash/config/ACL4SSR_Online_Full.ini'
88:	date +%M分%S秒.%3N毫秒
8:	echo '58分10秒.850毫秒	- 连接链接	https://api.v1.mk/sub?target=v2ray&url=https://raw.githubusercontent.com/some6508/all/master/c|https://raw.githubusercontent.com/some6508/all/master/c2|https://raw.githubusercontent.com/some6508/all/master/c3|https://raw.githubusercontent.com/some6508/all/master/c4|https://raw.githubusercontent.com/some6508/all/master/c5|https://raw.githubusercontent.com/some6508/all/master/c6|https://raw.githubusercontent.com/some6508/all/master/c7|https://raw.githubusercontent.com/some6508/all/master/v|https://raw.githubusercontent.com/some6508/all/master/v2|https://raw.githubusercontent.com/some6508/all/master/v3|https://raw.githubusercontent.com/some6508/all/master/v4|https://raw.githubusercontent.com/some6508/all/master/v5|https://raw.githubusercontent.com/some6508/all/master/v6|https://raw.githubusercontent.com/some6508/all/master/v7|https://raw.githubusercontent.com/some6508/all/master/v8|https://raw.githubusercontent.com/some6508/all/master/v9|https://raw.githubusercontent.com/some6508/all/master/v10|https://raw.githubusercontent.com/some6508/all/master/v11|https://raw.githubusercontent.com/some6508/all/master/v12&config=https://raw.githubusercontent.com/ACL4SSR/ACL4SSR/master/Clash/config/ACL4SSR_Online_Full.ini'
13:	curl -s --connect-timeout 10 -o /home/runner/work/all/all/vc1 'https://api.v1.mk/sub?target=v2ray&url=https://raw.githubusercontent.com/some6508/all/master/c|https://raw.githubusercontent.com/some6508/all/master/c2|https://raw.githubusercontent.com/some6508/all/master/c3|https://raw.githubusercontent.com/some6508/all/master/c4|https://raw.githubusercontent.com/some6508/all/master/c5|https://raw.githubusercontent.com/some6508/all/master/c6|https://raw.githubusercontent.com/some6508/all/master/c7|https://raw.githubusercontent.com/some6508/all/master/v|https://raw.githubusercontent.com/some6508/all/master/v2|https://raw.githubusercontent.com/some6508/all/master/v3|https://raw.githubusercontent.com/some6508/all/master/v4|https://raw.githubusercontent.com/some6508/all/master/v5|https://raw.githubusercontent.com/some6508/all/master/v6|https://raw.githubusercontent.com/some6508/all/master/v7|https://raw.githubusercontent.com/some6508/all/master/v8|https://raw.githubusercontent.com/some6508/all/master/v9|https://raw.githubusercontent.com/some6508/all/master/v10|https://raw.githubusercontent.com/some6508/all/master/v11|https://raw.githubusercontent.com/some6508/all/master/v12&config=https://raw.githubusercontent.com/ACL4SSR/ACL4SSR/master/Clash/config/ACL4SSR_Online_Full.ini'
14:	local CURL=0
15:	[[ 0 = 0 ]]
15:	ec '- 下载完成	0'
88:	date +%M分%S秒.%3N毫秒
8:	echo '58分11秒.367毫秒	- 下载完成	0'
16:	return 0
75:	grep -q '</html>' /home/runner/work/all/all/cv1
78:	mv -f /home/runner/work/all/all/cv1 /home/runner/work/all/all/cv
79:	mv -f /home/runner/work/all/all/vc1 /home/runner/work/all/all/vc
881:	date +%Y年%m月%d日·周%u·%H点%M分%S秒.%3N毫秒
81:	sed -i '/^|20/c|2022年03月13日·周7·09点58分11秒.377毫秒|' /home/runner/work/all/all/README.md
882:	date +%Y年%m月%d日·周%u·%H点%M分%S秒.%3N毫秒 -d '+1 hour'
82:	sed -i '/^20/c2022年03月13日·周7·10点58分11秒.380毫秒' /home/runner/work/all/all/README.md
83:	echo --------------------------------------------------
884:	date +%Y年%m月%d日·周%u·%H点%M分%S秒.%3N毫秒
84:	echo 2022年03月13日·周7·09点58分11秒.384毫秒
