+ PS4='$LINENO: '
5: cd /home/runner/work/all/all
114: date +%Y年%m月%d日·周%u·%H点%M分%S秒.%3N毫秒
14: echo 2021年12月21日·周2·08点49分01秒.964毫秒
115: curl -s https://api.github.com/repos/changfengoss/pub/commits
115: grep -m 1 html_url
115: sed 's/.*"html_url": /html_url=/g'
15: eval 'html_url="https://github.com/changfengoss/pub/commit/c61a7194596429f5a036a480727cbddfce2323d2",'
115: html_url=https://github.com/changfengoss/pub/commit/c61a7194596429f5a036a480727cbddfce2323d2,
116: curl -s https://github.com/changfengoss/pub/commit/c61a7194596429f5a036a480727cbddfce2323d2
116: sed 's|</a>|"|g'
116: sed -n 's|^      <a href="#diff-.*">|href="https://raw.githubusercontent.com/changfengoss/pub/main/|p'
16: eval 'href="https://raw.githubusercontent.com/changfengoss/pub/main/data/2021_12_21/ZIVD1L.yaml"'
116: href=https://raw.githubusercontent.com/changfengoss/pub/main/data/2021_12_21/ZIVD1L.yaml
17: case "$href" in
19: CURL c https://raw.githubusercontent.com/changfengoss/pub/main/data/2021_12_21/ZIVD1L.yaml
7: echo --------------------------------------------------
8: echo '- 下载文件: c'
9: echo '- 连接链接: https://raw.githubusercontent.com/changfengoss/pub/main/data/2021_12_21/ZIVD1L.yaml'
10: curl -so /home/runner/work/all/all/c https://raw.githubusercontent.com/changfengoss/pub/main/data/2021_12_21/ZIVD1L.yaml
11: local CURL=0
12: [[ 0 = 0 ]]
12: echo '- 下载完成: 0'
222: grep -m 1 html_url
222: curl -s https://api.github.com/repos/pojiezhiyuanjun/freev2/commits
222: sed 's/.*"html_url": /html_url=/g'
22: eval 'html_url="https://github.com/pojiezhiyuanjun/freev2/commit/5cc600bb91ec97f5f390e9e75eac80a4b037ada2",'
222: html_url=https://github.com/pojiezhiyuanjun/freev2/commit/5cc600bb91ec97f5f390e9e75eac80a4b037ada2,
223: curl -s https://github.com/pojiezhiyuanjun/freev2/commit/5cc600bb91ec97f5f390e9e75eac80a4b037ada2
223: sed 's|</a>|"|g'
223: sed -n 's|^      <a href="#diff-.*">|href="https://raw.githubusercontent.com/pojiezhiyuanjun/freev2/master/|p'
23: eval 'href="https://raw.githubusercontent.com/pojiezhiyuanjun/freev2/master/1220.zip"'
223: href=https://raw.githubusercontent.com/pojiezhiyuanjun/freev2/master/1220.zip
24: case "$href" in
27: CURL vc.zip https://raw.githubusercontent.com/pojiezhiyuanjun/freev2/master/1220.zip
7: echo --------------------------------------------------
8: echo '- 下载文件: vc.zip'
9: echo '- 连接链接: https://raw.githubusercontent.com/pojiezhiyuanjun/freev2/master/1220.zip'
10: curl -so /home/runner/work/all/all/vc.zip https://raw.githubusercontent.com/pojiezhiyuanjun/freev2/master/1220.zip
11: local CURL=0
12: [[ 0 = 0 ]]
12: echo '- 下载完成: 0'
28: unzip -p /home/runner/work/all/all/vc.zip '*txt'
28: echo '- 解压成功: v2'
29: unzip -p /home/runner/work/all/all/vc.zip '*.yml'
29: echo '- 解压成功: c2'
30: rm -rf /home/runner/work/all/all/vc.zip
333: curl -s https://api.github.com/repos/zyfxz/V2Ray/commits
333: sed 's/.*"html_url": /html_url=/g'
333: grep -m 1 html_url
33: eval 'html_url="https://github.com/zyfxz/V2Ray/commit/47ec12a9ae8504239ac9ba1cc95a0a6f33d47880",'
333: html_url=https://github.com/zyfxz/V2Ray/commit/47ec12a9ae8504239ac9ba1cc95a0a6f33d47880,
334: curl -s https://github.com/zyfxz/V2Ray/commit/47ec12a9ae8504239ac9ba1cc95a0a6f33d47880
334: sed 's|</a>|"|g'
334: sed -n 's|^      <a href="#diff-.*">|href="https://raw.githubusercontent.com/zyfxz/V2Ray/main/|p'
34: eval 'href="https://raw.githubusercontent.com/zyfxz/V2Ray/main/area"'
334: href=https://raw.githubusercontent.com/zyfxz/V2Ray/main/area
35: CURL v3 https://raw.githubusercontent.com/zyfxz/V2Ray/main/area
7: echo --------------------------------------------------
8: echo '- 下载文件: v3'
9: echo '- 连接链接: https://raw.githubusercontent.com/zyfxz/V2Ray/main/area'
10: curl -so /home/runner/work/all/all/v3 https://raw.githubusercontent.com/zyfxz/V2Ray/main/area
11: local CURL=0
12: [[ 0 = 0 ]]
12: echo '- 下载完成: 0'
336: curl -s https://api.github.com/repos/zyfxz/clash/commits
336: sed 's/.*"html_url": /html_url=/g'
336: grep -m 1 html_url
36: eval 'html_url="https://github.com/zyfxz/clash/commit/42e3c11cea51731db5258419d60367f0ca977968",'
336: html_url=https://github.com/zyfxz/clash/commit/42e3c11cea51731db5258419d60367f0ca977968,
337: curl -s https://github.com/zyfxz/clash/commit/42e3c11cea51731db5258419d60367f0ca977968
337: sed 's|</a>|"|g'
337: sed -n 's|^      <a href="#diff-.*">|href="https://raw.githubusercontent.com/zyfxz/clash/main/|p'
37: eval 'href="https://raw.githubusercontent.com/zyfxz/clash/main/area"'
337: href=https://raw.githubusercontent.com/zyfxz/clash/main/area
38: CURL c3 https://raw.githubusercontent.com/zyfxz/clash/main/area
7: echo --------------------------------------------------
8: echo '- 下载文件: c3'
9: echo '- 连接链接: https://raw.githubusercontent.com/zyfxz/clash/main/area'
10: curl -so /home/runner/work/all/all/c3 https://raw.githubusercontent.com/zyfxz/clash/main/area
11: local CURL=0
12: [[ 0 = 0 ]]
12: echo '- 下载完成: 0'
339: curl -s https://api.github.com/repos/FMYC2015/V2ray/commits
339: sed 's/.*"html_url": /html_url=/g'
339: grep -m 1 html_url
39: eval 'html_url="https://github.com/FMYC2015/V2ray/commit/62f9b3dba48049de0ae3f8fcbe09bb1bece0eb3a",'
339: html_url=https://github.com/FMYC2015/V2ray/commit/62f9b3dba48049de0ae3f8fcbe09bb1bece0eb3a,
440: curl -s https://github.com/FMYC2015/V2ray/commit/62f9b3dba48049de0ae3f8fcbe09bb1bece0eb3a
440: sed 's|</a>|"|g'
440: sed -n 's|^      <a href="#diff-.*">|href="https://raw.githubusercontent.com/FMYC2015/V2ray/main/|p'
40: eval 'href="https://raw.githubusercontent.com/FMYC2015/V2ray/main/Chen"'
440: href=https://raw.githubusercontent.com/FMYC2015/V2ray/main/Chen
41: CURL v4 https://raw.githubusercontent.com/FMYC2015/V2ray/main/Chen
7: echo --------------------------------------------------
8: echo '- 下载文件: v4'
9: echo '- 连接链接: https://raw.githubusercontent.com/FMYC2015/V2ray/main/Chen'
10: curl -so /home/runner/work/all/all/v4 https://raw.githubusercontent.com/FMYC2015/V2ray/main/Chen
11: local CURL=0
12: [[ 0 = 0 ]]
12: echo '- 下载完成: 0'
442: curl -s https://api.github.com/repos/FMYC2015/Clash/commits
442: sed 's/.*"html_url": /html_url=/g'
442: grep -m 1 html_url
42: eval 'html_url="https://github.com/FMYC2015/Clash/commit/119108640bda47ab1780d9dcf9d2c632d7fb5803",'
442: html_url=https://github.com/FMYC2015/Clash/commit/119108640bda47ab1780d9dcf9d2c632d7fb5803,
443: curl -s https://github.com/FMYC2015/Clash/commit/119108640bda47ab1780d9dcf9d2c632d7fb5803
443: sed 's|</a>|"|g'
443: sed -n 's|^      <a href="#diff-.*">|href="https://raw.githubusercontent.com/FMYC2015/Clash/main/|p'
43: eval 'href="https://raw.githubusercontent.com/FMYC2015/Clash/main/Chen"'
443: href=https://raw.githubusercontent.com/FMYC2015/Clash/main/Chen
44: CURL c4 https://raw.githubusercontent.com/FMYC2015/Clash/main/Chen
7: echo --------------------------------------------------
8: echo '- 下载文件: c4'
9: echo '- 连接链接: https://raw.githubusercontent.com/FMYC2015/Clash/main/Chen'
10: curl -so /home/runner/work/all/all/c4 https://raw.githubusercontent.com/FMYC2015/Clash/main/Chen
11: local CURL=0
12: [[ 0 = 0 ]]
12: echo '- 下载完成: 0'
45: CURL v5 https://raw.githubusercontent.com/ssrsub/ssr/master/V2Ray
7: echo --------------------------------------------------
8: echo '- 下载文件: v5'
9: echo '- 连接链接: https://raw.githubusercontent.com/ssrsub/ssr/master/V2Ray'
10: curl -so /home/runner/work/all/all/v5 https://raw.githubusercontent.com/ssrsub/ssr/master/V2Ray
11: local CURL=0
12: [[ 0 = 0 ]]
12: echo '- 下载完成: 0'
46: CURL c5 https://raw.githubusercontent.com/ssrsub/ssr/master/Clash.yml
7: echo --------------------------------------------------
8: echo '- 下载文件: c5'
9: echo '- 连接链接: https://raw.githubusercontent.com/ssrsub/ssr/master/Clash.yml'
10: curl -so /home/runner/work/all/all/c5 https://raw.githubusercontent.com/ssrsub/ssr/master/Clash.yml
11: local CURL=0
12: [[ 0 = 0 ]]
12: echo '- 下载完成: 0'
47: CURL v6 https://gitee.com/chenx58/clash/raw/V2R/V2R
7: echo --------------------------------------------------
8: echo '- 下载文件: v6'
9: echo '- 连接链接: https://gitee.com/chenx58/clash/raw/V2R/V2R'
10: curl -so /home/runner/work/all/all/v6 https://gitee.com/chenx58/clash/raw/V2R/V2R
11: local CURL=0
12: [[ 0 = 0 ]]
12: echo '- 下载完成: 0'
448: curl -s https://api.github.com/repos/bhqz/bhqz/commits
448: sed 's/.*"html_url": /html_url=/g'
448: grep -m 1 html_url
48: eval 'html_url="https://github.com/bhqz/bhqz/commit/3afb7ca87ef56dfacc4e9e29550227f0ca497493",'
448: html_url=https://github.com/bhqz/bhqz/commit/3afb7ca87ef56dfacc4e9e29550227f0ca497493,
449: curl -s https://github.com/bhqz/bhqz/commit/3afb7ca87ef56dfacc4e9e29550227f0ca497493
449: sed 's|</a>|"|g; s|{.* → ||g; s|}||g'
449: sed -n 's|^      <a href="#diff-.*">|href="https://raw.githubusercontent.com/bhqz/bhqz/main/|p'
49: eval 'href="https://raw.githubusercontent.com/bhqz/bhqz/main/ss/12/20p.txt"'
449: href=https://raw.githubusercontent.com/bhqz/bhqz/main/ss/12/20p.txt
50: case "$href" in
51: CURL v7 https://raw.githubusercontent.com/bhqz/bhqz/main/ss/12/20p.txt
7: echo --------------------------------------------------
8: echo '- 下载文件: v7'
9: echo '- 连接链接: https://raw.githubusercontent.com/bhqz/bhqz/main/ss/12/20p.txt'
10: curl -so /home/runner/work/all/all/v7 https://raw.githubusercontent.com/bhqz/bhqz/main/ss/12/20p.txt
11: local CURL=0
12: [[ 0 = 0 ]]
12: echo '- 下载完成: 0'
55: CURL cv 'https://api.v1.mk/sub?target=clash&url=https://raw.githubusercontent.com/some6508/all/master/c|https://raw.githubusercontent.com/some6508/all/master/c2|https://raw.githubusercontent.com/some6508/all/master/c3|https://raw.githubusercontent.com/some6508/all/master/c4|https://raw.githubusercontent.com/some6508/all/master/c5|https://raw.githubusercontent.com/some6508/all/master/c6|https://raw.githubusercontent.com/some6508/all/master/v|https://raw.githubusercontent.com/some6508/all/master/v2|https://raw.githubusercontent.com/some6508/all/master/v3|https://raw.githubusercontent.com/some6508/all/master/v4|https://raw.githubusercontent.com/some6508/all/master/v5|https://raw.githubusercontent.com/some6508/all/master/v6|https://raw.githubusercontent.com/some6508/all/master/v7&insert=false&config=https://raw.githubusercontent.com/Meilieage/webcdn/main/rule/Area_Media_NoAuto.ini&exclude=中国&emoji=false&list=false&udp=false&tfo=false&expand=true&scv=false&fdn=true&sort=true&new_name=true'
7: echo --------------------------------------------------
8: echo '- 下载文件: cv'
9: echo '- 连接链接: https://api.v1.mk/sub?target=clash&url=https://raw.githubusercontent.com/some6508/all/master/c|https://raw.githubusercontent.com/some6508/all/master/c2|https://raw.githubusercontent.com/some6508/all/master/c3|https://raw.githubusercontent.com/some6508/all/master/c4|https://raw.githubusercontent.com/some6508/all/master/c5|https://raw.githubusercontent.com/some6508/all/master/c6|https://raw.githubusercontent.com/some6508/all/master/v|https://raw.githubusercontent.com/some6508/all/master/v2|https://raw.githubusercontent.com/some6508/all/master/v3|https://raw.githubusercontent.com/some6508/all/master/v4|https://raw.githubusercontent.com/some6508/all/master/v5|https://raw.githubusercontent.com/some6508/all/master/v6|https://raw.githubusercontent.com/some6508/all/master/v7&insert=false&config=https://raw.githubusercontent.com/Meilieage/webcdn/main/rule/Area_Media_NoAuto.ini&exclude=中国&emoji=false&list=false&udp=false&tfo=false&expand=true&scv=false&fdn=true&sort=true&new_name=true'
10: curl -so /home/runner/work/all/all/cv 'https://api.v1.mk/sub?target=clash&url=https://raw.githubusercontent.com/some6508/all/master/c|https://raw.githubusercontent.com/some6508/all/master/c2|https://raw.githubusercontent.com/some6508/all/master/c3|https://raw.githubusercontent.com/some6508/all/master/c4|https://raw.githubusercontent.com/some6508/all/master/c5|https://raw.githubusercontent.com/some6508/all/master/c6|https://raw.githubusercontent.com/some6508/all/master/v|https://raw.githubusercontent.com/some6508/all/master/v2|https://raw.githubusercontent.com/some6508/all/master/v3|https://raw.githubusercontent.com/some6508/all/master/v4|https://raw.githubusercontent.com/some6508/all/master/v5|https://raw.githubusercontent.com/some6508/all/master/v6|https://raw.githubusercontent.com/some6508/all/master/v7&insert=false&config=https://raw.githubusercontent.com/Meilieage/webcdn/main/rule/Area_Media_NoAuto.ini&exclude=中国&emoji=false&list=false&udp=false&tfo=false&expand=true&scv=false&fdn=true&sort=true&new_name=true'
11: local CURL=0
12: [[ 0 = 0 ]]
12: echo '- 下载完成: 0'
56: CURL vc 'https://api.v1.mk/sub?target=v2ray&url=https://raw.githubusercontent.com/some6508/all/master/c|https://raw.githubusercontent.com/some6508/all/master/c2|https://raw.githubusercontent.com/some6508/all/master/c3|https://raw.githubusercontent.com/some6508/all/master/c4|https://raw.githubusercontent.com/some6508/all/master/c5|https://raw.githubusercontent.com/some6508/all/master/c6|https://raw.githubusercontent.com/some6508/all/master/v|https://raw.githubusercontent.com/some6508/all/master/v2|https://raw.githubusercontent.com/some6508/all/master/v3|https://raw.githubusercontent.com/some6508/all/master/v4|https://raw.githubusercontent.com/some6508/all/master/v5|https://raw.githubusercontent.com/some6508/all/master/v6|https://raw.githubusercontent.com/some6508/all/master/v7&insert=false&config=https://raw.githubusercontent.com/Meilieage/webcdn/main/rule/Area_Media_NoAuto.ini&exclude=中国&emoji=false&list=false&udp=false&tfo=false&expand=true&scv=false&fdn=true&sort=true&new_name=true'
7: echo --------------------------------------------------
8: echo '- 下载文件: vc'
9: echo '- 连接链接: https://api.v1.mk/sub?target=v2ray&url=https://raw.githubusercontent.com/some6508/all/master/c|https://raw.githubusercontent.com/some6508/all/master/c2|https://raw.githubusercontent.com/some6508/all/master/c3|https://raw.githubusercontent.com/some6508/all/master/c4|https://raw.githubusercontent.com/some6508/all/master/c5|https://raw.githubusercontent.com/some6508/all/master/c6|https://raw.githubusercontent.com/some6508/all/master/v|https://raw.githubusercontent.com/some6508/all/master/v2|https://raw.githubusercontent.com/some6508/all/master/v3|https://raw.githubusercontent.com/some6508/all/master/v4|https://raw.githubusercontent.com/some6508/all/master/v5|https://raw.githubusercontent.com/some6508/all/master/v6|https://raw.githubusercontent.com/some6508/all/master/v7&insert=false&config=https://raw.githubusercontent.com/Meilieage/webcdn/main/rule/Area_Media_NoAuto.ini&exclude=中国&emoji=false&list=false&udp=false&tfo=false&expand=true&scv=false&fdn=true&sort=true&new_name=true'
10: curl -so /home/runner/work/all/all/vc 'https://api.v1.mk/sub?target=v2ray&url=https://raw.githubusercontent.com/some6508/all/master/c|https://raw.githubusercontent.com/some6508/all/master/c2|https://raw.githubusercontent.com/some6508/all/master/c3|https://raw.githubusercontent.com/some6508/all/master/c4|https://raw.githubusercontent.com/some6508/all/master/c5|https://raw.githubusercontent.com/some6508/all/master/c6|https://raw.githubusercontent.com/some6508/all/master/v|https://raw.githubusercontent.com/some6508/all/master/v2|https://raw.githubusercontent.com/some6508/all/master/v3|https://raw.githubusercontent.com/some6508/all/master/v4|https://raw.githubusercontent.com/some6508/all/master/v5|https://raw.githubusercontent.com/some6508/all/master/v6|https://raw.githubusercontent.com/some6508/all/master/v7&insert=false&config=https://raw.githubusercontent.com/Meilieage/webcdn/main/rule/Area_Media_NoAuto.ini&exclude=中国&emoji=false&list=false&udp=false&tfo=false&expand=true&scv=false&fdn=true&sort=true&new_name=true'
11: local CURL=0
12: [[ 0 = 0 ]]
12: echo '- 下载完成: 0'
557: date +%Y年%m月%d日·周%u·%H点%M分%S秒.%3N毫秒
57: sed -i '/^|20/c|2021年12月21日·周2·08点49分19秒.636毫秒|' /home/runner/work/all/all/README.md
558: date +%Y年%m月%d日·周%u·%H点%M分%S秒.%3N毫秒 -d '+1 hour'
58: sed -i '/^20/c2021年12月21日·周2·09点49分19秒.640毫秒' /home/runner/work/all/all/README.md
59: echo --------------------------------------------------
660: date +%Y年%m月%d日·周%u·%H点%M分%S秒.%3N毫秒
60: echo 2021年12月21日·周2·08点49分19秒.643毫秒
